<?xml version="1.0" encoding="UTF-8"?>
<testng-results skipped="0" failed="0" ignored="0" total="1" passed="1">
  <reporter-output>
  </reporter-output>
  <suite name="Default suite" duration-ms="16998" started-at="2017-08-14T13:40:52Z" finished-at="2017-08-14T13:41:09Z">
    <groups>
    </groups>
    <test name="Default test" duration-ms="16998" started-at="2017-08-14T13:40:52Z" finished-at="2017-08-14T13:41:09Z">
      <class name="Test3">
        <test-method status="PASS" signature="SetUp()[pri:0, instance:Test3@c4c815]" name="SetUp" is-config="true" duration-ms="16967" started-at="2017-08-14T19:10:52Z" finished-at="2017-08-14T19:11:09Z">
          <reporter-output>
          </reporter-output>
        </test-method> <!-- SetUp -->
        <test-method status="PASS" signature="Test4()[pri:0, instance:Test3@c4c815]" name="Test4" duration-ms="4" started-at="2017-08-14T19:11:09Z" finished-at="2017-08-14T19:11:09Z">
          <reporter-output>
          </reporter-output>
        </test-method> <!-- Test4 -->
      </class> <!-- Test3 -->
    </test> <!-- Default test -->
  </suite> <!-- Default suite -->
</testng-results>
